[     154ms] [INFO] %cDownload the React DevTools for a better development experience: https://react.dev/link/react-devtools font-weight:bold @ http://localhost:3000/_next/static/chunks/0yeu_next_dist_077uxpn._.js:2431
[     207ms] [LOG] [HMR] connected @ http://localhost:3000/_next/static/chunks/0yeu_next_dist_077uxpn._.js:2431
[     269ms] [WARNING] Image with src "/images/cs01-hero.png" has "fill" but is missing "sizes" prop. Please add it to improve page performance. Read more: https://nextjs.org/docs/api-reference/next/image#sizes @ http://localhost:3000/_next/static/chunks/0yeu_next_dist_077uxpn._.js:2431
[     283ms] [WARNING] Image with src "/images/cs01-sol02-top1.png" has "fill" but is missing "sizes" prop. Please add it to improve page performance. Read more: https://nextjs.org/docs/api-reference/next/image#sizes @ http://localhost:3000/_next/static/chunks/0yeu_next_dist_077uxpn._.js:2431
[     296ms] [WARNING] Image with src "/images/cs01-sol02-bottom1.png" has "fill" but is missing "sizes" prop. Please add it to improve page performance. Read more: https://nextjs.org/docs/api-reference/next/image#sizes @ http://localhost:3000/_next/static/chunks/0yeu_next_dist_077uxpn._.js:2431
[     340ms] [WARNING] Image with src "/images/cs01-sol02-right1.png" has "fill" but is missing "sizes" prop. Please add it to improve page performance. Read more: https://nextjs.org/docs/api-reference/next/image#sizes @ http://localhost:3000/_next/static/chunks/0yeu_next_dist_077uxpn._.js:2431
[   48811ms] [INFO] %cDownload the React DevTools for a better development experience: https://react.dev/link/react-devtools font-weight:bold @ http://localhost:3000/_next/static/chunks/0yeu_next_dist_077uxpn._.js:2431
[   48820ms] [LOG] [HMR] connected @ http://localhost:3000/_next/static/chunks/0yeu_next_dist_077uxpn._.js:2431
[   48867ms] [WARNING] Image with src "/images/cs01-hero.png" has "fill" but is missing "sizes" prop. Please add it to improve page performance. Read more: https://nextjs.org/docs/api-reference/next/image#sizes @ http://localhost:3000/_next/static/chunks/0yeu_next_dist_077uxpn._.js:2431
[   48870ms] [WARNING] Image with src "/images/cs01-sol02-top1.png" has "fill" but is missing "sizes" prop. Please add it to improve page performance. Read more: https://nextjs.org/docs/api-reference/next/image#sizes @ http://localhost:3000/_next/static/chunks/0yeu_next_dist_077uxpn._.js:2431
[   48870ms] [WARNING] Image with src "/images/cs01-sol02-bottom1.png" has "fill" but is missing "sizes" prop. Please add it to improve page performance. Read more: https://nextjs.org/docs/api-reference/next/image#sizes @ http://localhost:3000/_next/static/chunks/0yeu_next_dist_077uxpn._.js:2431
[   48870ms] [WARNING] Image with src "/images/cs01-sol02-right1.png" has "fill" but is missing "sizes" prop. Please add it to improve page performance. Read more: https://nextjs.org/docs/api-reference/next/image#sizes @ http://localhost:3000/_next/static/chunks/0yeu_next_dist_077uxpn._.js:2431
[   50013ms] [INFO] %cDownload the React DevTools for a better development experience: https://react.dev/link/react-devtools font-weight:bold @ http://localhost:3000/_next/static/chunks/0yeu_next_dist_077uxpn._.js:2431
[   50019ms] [LOG] [HMR] connected @ http://localhost:3000/_next/static/chunks/0yeu_next_dist_077uxpn._.js:2431
[   50048ms] [WARNING] Image with src "/images/cs01-hero.png" has "fill" but is missing "sizes" prop. Please add it to improve page performance. Read more: https://nextjs.org/docs/api-reference/next/image#sizes @ http://localhost:3000/_next/static/chunks/0yeu_next_dist_077uxpn._.js:2431
[   50048ms] [WARNING] Image with src "/images/cs01-sol02-top1.png" has "fill" but is missing "sizes" prop. Please add it to improve page performance. Read more: https://nextjs.org/docs/api-reference/next/image#sizes @ http://localhost:3000/_next/static/chunks/0yeu_next_dist_077uxpn._.js:2431
[   50048ms] [WARNING] Image with src "/images/cs01-sol02-bottom1.png" has "fill" but is missing "sizes" prop. Please add it to improve page performance. Read more: https://nextjs.org/docs/api-reference/next/image#sizes @ http://localhost:3000/_next/static/chunks/0yeu_next_dist_077uxpn._.js:2431
[   50061ms] [WARNING] Image with src "/images/cs01-sol02-right1.png" has "fill" but is missing "sizes" prop. Please add it to improve page performance. Read more: https://nextjs.org/docs/api-reference/next/image#sizes @ http://localhost:3000/_next/static/chunks/0yeu_next_dist_077uxpn._.js:2431
[   50553ms] [INFO] %cDownload the React DevTools for a better development experience: https://react.dev/link/react-devtools font-weight:bold @ http://localhost:3000/_next/static/chunks/0yeu_next_dist_077uxpn._.js:2431
[   50558ms] [LOG] [HMR] connected @ http://localhost:3000/_next/static/chunks/0yeu_next_dist_077uxpn._.js:2431
[   50586ms] [WARNING] Image with src "/images/cs01-hero.png" has "fill" but is missing "sizes" prop. Please add it to improve page performance. Read more: https://nextjs.org/docs/api-reference/next/image#sizes @ http://localhost:3000/_next/static/chunks/0yeu_next_dist_077uxpn._.js:2431
[   50589ms] [WARNING] Image with src "/images/cs01-sol02-top1.png" has "fill" but is missing "sizes" prop. Please add it to improve page performance. Read more: https://nextjs.org/docs/api-reference/next/image#sizes @ http://localhost:3000/_next/static/chunks/0yeu_next_dist_077uxpn._.js:2431
[   50589ms] [WARNING] Image with src "/images/cs01-sol02-bottom1.png" has "fill" but is missing "sizes" prop. Please add it to improve page performance. Read more: https://nextjs.org/docs/api-reference/next/image#sizes @ http://localhost:3000/_next/static/chunks/0yeu_next_dist_077uxpn._.js:2431
[   50605ms] [WARNING] Image with src "/images/cs01-sol02-right1.png" has "fill" but is missing "sizes" prop. Please add it to improve page performance. Read more: https://nextjs.org/docs/api-reference/next/image#sizes @ http://localhost:3000/_next/static/chunks/0yeu_next_dist_077uxpn._.js:2431
[   50981ms] [INFO] %cDownload the React DevTools for a better development experience: https://react.dev/link/react-devtools font-weight:bold @ http://localhost:3000/_next/static/chunks/0yeu_next_dist_077uxpn._.js:2431
[   50987ms] [LOG] [HMR] connected @ http://localhost:3000/_next/static/chunks/0yeu_next_dist_077uxpn._.js:2431
[   51020ms] [WARNING] Image with src "/images/cs01-hero.png" has "fill" but is missing "sizes" prop. Please add it to improve page performance. Read more: https://nextjs.org/docs/api-reference/next/image#sizes @ http://localhost:3000/_next/static/chunks/0yeu_next_dist_077uxpn._.js:2431
[   51020ms] [WARNING] Image with src "/images/cs01-sol02-top1.png" has "fill" but is missing "sizes" prop. Please add it to improve page performance. Read more: https://nextjs.org/docs/api-reference/next/image#sizes @ http://localhost:3000/_next/static/chunks/0yeu_next_dist_077uxpn._.js:2431
[   51021ms] [WARNING] Image with src "/images/cs01-sol02-bottom1.png" has "fill" but is missing "sizes" prop. Please add it to improve page performance. Read more: https://nextjs.org/docs/api-reference/next/image#sizes @ http://localhost:3000/_next/static/chunks/0yeu_next_dist_077uxpn._.js:2431
[   51021ms] [WARNING] Image with src "/images/cs01-sol02-right1.png" has "fill" but is missing "sizes" prop. Please add it to improve page performance. Read more: https://nextjs.org/docs/api-reference/next/image#sizes @ http://localhost:3000/_next/static/chunks/0yeu_next_dist_077uxpn._.js:2431
[   51382ms] [INFO] %cDownload the React DevTools for a better development experience: https://react.dev/link/react-devtools font-weight:bold @ http://localhost:3000/_next/static/chunks/0yeu_next_dist_077uxpn._.js:2431
[   51388ms] [LOG] [HMR] connected @ http://localhost:3000/_next/static/chunks/0yeu_next_dist_077uxpn._.js:2431
[   51420ms] [WARNING] Image with src "/images/cs01-hero.png" has "fill" but is missing "sizes" prop. Please add it to improve page performance. Read more: https://nextjs.org/docs/api-reference/next/image#sizes @ http://localhost:3000/_next/static/chunks/0yeu_next_dist_077uxpn._.js:2431
[   51420ms] [WARNING] Image with src "/images/cs01-sol02-top1.png" has "fill" but is missing "sizes" prop. Please add it to improve page performance. Read more: https://nextjs.org/docs/api-reference/next/image#sizes @ http://localhost:3000/_next/static/chunks/0yeu_next_dist_077uxpn._.js:2431
[   51420ms] [WARNING] Image with src "/images/cs01-sol02-bottom1.png" has "fill" but is missing "sizes" prop. Please add it to improve page performance. Read more: https://nextjs.org/docs/api-reference/next/image#sizes @ http://localhost:3000/_next/static/chunks/0yeu_next_dist_077uxpn._.js:2431
[   51420ms] [WARNING] Image with src "/images/cs01-sol02-right1.png" has "fill" but is missing "sizes" prop. Please add it to improve page performance. Read more: https://nextjs.org/docs/api-reference/next/image#sizes @ http://localhost:3000/_next/static/chunks/0yeu_next_dist_077uxpn._.js:2431
[   51660ms] [INFO] %cDownload the React DevTools for a better development experience: https://react.dev/link/react-devtools font-weight:bold @ http://localhost:3000/_next/static/chunks/0yeu_next_dist_077uxpn._.js:2431
[   51670ms] [LOG] [HMR] connected @ http://localhost:3000/_next/static/chunks/0yeu_next_dist_077uxpn._.js:2431
[   51704ms] [WARNING] Image with src "/images/cs01-hero.png" has "fill" but is missing "sizes" prop. Please add it to improve page performance. Read more: https://nextjs.org/docs/api-reference/next/image#sizes @ http://localhost:3000/_next/static/chunks/0yeu_next_dist_077uxpn._.js:2431
[   51704ms] [WARNING] Image with src "/images/cs01-sol02-top1.png" has "fill" but is missing "sizes" prop. Please add it to improve page performance. Read more: https://nextjs.org/docs/api-reference/next/image#sizes @ http://localhost:3000/_next/static/chunks/0yeu_next_dist_077uxpn._.js:2431
[   51704ms] [WARNING] Image with src "/images/cs01-sol02-bottom1.png" has "fill" but is missing "sizes" prop. Please add it to improve page performance. Read more: https://nextjs.org/docs/api-reference/next/image#sizes @ http://localhost:3000/_next/static/chunks/0yeu_next_dist_077uxpn._.js:2431
[   51704ms] [WARNING] Image with src "/images/cs01-sol02-right1.png" has "fill" but is missing "sizes" prop. Please add it to improve page performance. Read more: https://nextjs.org/docs/api-reference/next/image#sizes @ http://localhost:3000/_next/static/chunks/0yeu_next_dist_077uxpn._.js:2431
[   51807ms] [INFO] %cDownload the React DevTools for a better development experience: https://react.dev/link/react-devtools font-weight:bold @ http://localhost:3000/_next/static/chunks/0yeu_next_dist_077uxpn._.js:2431
[   51815ms] [LOG] [HMR] connected @ http://localhost:3000/_next/static/chunks/0yeu_next_dist_077uxpn._.js:2431
[   51850ms] [WARNING] Image with src "/images/cs01-hero.png" has "fill" but is missing "sizes" prop. Please add it to improve page performance. Read more: https://nextjs.org/docs/api-reference/next/image#sizes @ http://localhost:3000/_next/static/chunks/0yeu_next_dist_077uxpn._.js:2431
[   51851ms] [WARNING] Image with src "/images/cs01-sol02-top1.png" has "fill" but is missing "sizes" prop. Please add it to improve page performance. Read more: https://nextjs.org/docs/api-reference/next/image#sizes @ http://localhost:3000/_next/static/chunks/0yeu_next_dist_077uxpn._.js:2431
[   51851ms] [WARNING] Image with src "/images/cs01-sol02-bottom1.png" has "fill" but is missing "sizes" prop. Please add it to improve page performance. Read more: https://nextjs.org/docs/api-reference/next/image#sizes @ http://localhost:3000/_next/static/chunks/0yeu_next_dist_077uxpn._.js:2431
[   51851ms] [WARNING] Image with src "/images/cs01-sol02-right1.png" has "fill" but is missing "sizes" prop. Please add it to improve page performance. Read more: https://nextjs.org/docs/api-reference/next/image#sizes @ http://localhost:3000/_next/static/chunks/0yeu_next_dist_077uxpn._.js:2431
[   51952ms] [INFO] %cDownload the React DevTools for a better development experience: https://react.dev/link/react-devtools font-weight:bold @ http://localhost:3000/_next/static/chunks/0yeu_next_dist_077uxpn._.js:2431
[   51957ms] [LOG] [HMR] connected @ http://localhost:3000/_next/static/chunks/0yeu_next_dist_077uxpn._.js:2431
[   51986ms] [WARNING] Image with src "/images/cs01-hero.png" has "fill" but is missing "sizes" prop. Please add it to improve page performance. Read more: https://nextjs.org/docs/api-reference/next/image#sizes @ http://localhost:3000/_next/static/chunks/0yeu_next_dist_077uxpn._.js:2431
[   51986ms] [WARNING] Image with src "/images/cs01-sol02-top1.png" has "fill" but is missing "sizes" prop. Please add it to improve page performance. Read more: https://nextjs.org/docs/api-reference/next/image#sizes @ http://localhost:3000/_next/static/chunks/0yeu_next_dist_077uxpn._.js:2431
[   51986ms] [WARNING] Image with src "/images/cs01-sol02-bottom1.png" has "fill" but is missing "sizes" prop. Please add it to improve page performance. Read more: https://nextjs.org/docs/api-reference/next/image#sizes @ http://localhost:3000/_next/static/chunks/0yeu_next_dist_077uxpn._.js:2431
[   51986ms] [WARNING] Image with src "/images/cs01-sol02-right1.png" has "fill" but is missing "sizes" prop. Please add it to improve page performance. Read more: https://nextjs.org/docs/api-reference/next/image#sizes @ http://localhost:3000/_next/static/chunks/0yeu_next_dist_077uxpn._.js:2431
[   52104ms] [INFO] %cDownload the React DevTools for a better development experience: https://react.dev/link/react-devtools font-weight:bold @ http://localhost:3000/_next/static/chunks/0yeu_next_dist_077uxpn._.js:2431
[   52112ms] [LOG] [HMR] connected @ http://localhost:3000/_next/static/chunks/0yeu_next_dist_077uxpn._.js:2431
[   52149ms] [WARNING] Image with src "/images/cs01-hero.png" has "fill" but is missing "sizes" prop. Please add it to improve page performance. Read more: https://nextjs.org/docs/api-reference/next/image#sizes @ http://localhost:3000/_next/static/chunks/0yeu_next_dist_077uxpn._.js:2431
[   52149ms] [WARNING] Image with src "/images/cs01-sol02-top1.png" has "fill" but is missing "sizes" prop. Please add it to improve page performance. Read more: https://nextjs.org/docs/api-reference/next/image#sizes @ http://localhost:3000/_next/static/chunks/0yeu_next_dist_077uxpn._.js:2431
[   52149ms] [WARNING] Image with src "/images/cs01-sol02-bottom1.png" has "fill" but is missing "sizes" prop. Please add it to improve page performance. Read more: https://nextjs.org/docs/api-reference/next/image#sizes @ http://localhost:3000/_next/static/chunks/0yeu_next_dist_077uxpn._.js:2431
[   52161ms] [WARNING] Image with src "/images/cs01-sol02-right1.png" has "fill" but is missing "sizes" prop. Please add it to improve page performance. Read more: https://nextjs.org/docs/api-reference/next/image#sizes @ http://localhost:3000/_next/static/chunks/0yeu_next_dist_077uxpn._.js:2431
[   52242ms] [INFO] %cDownload the React DevTools for a better development experience: https://react.dev/link/react-devtools font-weight:bold @ http://localhost:3000/_next/static/chunks/0yeu_next_dist_077uxpn._.js:2431
[   52250ms] [LOG] [HMR] connected @ http://localhost:3000/_next/static/chunks/0yeu_next_dist_077uxpn._.js:2431
[   52288ms] [WARNING] Image with src "/images/cs01-hero.png" has "fill" but is missing "sizes" prop. Please add it to improve page performance. Read more: https://nextjs.org/docs/api-reference/next/image#sizes @ http://localhost:3000/_next/static/chunks/0yeu_next_dist_077uxpn._.js:2431
[   52288ms] [WARNING] Image with src "/images/cs01-sol02-top1.png" has "fill" but is missing "sizes" prop. Please add it to improve page performance. Read more: https://nextjs.org/docs/api-reference/next/image#sizes @ http://localhost:3000/_next/static/chunks/0yeu_next_dist_077uxpn._.js:2431
[   52288ms] [WARNING] Image with src "/images/cs01-sol02-bottom1.png" has "fill" but is missing "sizes" prop. Please add it to improve page performance. Read more: https://nextjs.org/docs/api-reference/next/image#sizes @ http://localhost:3000/_next/static/chunks/0yeu_next_dist_077uxpn._.js:2431
[   52288ms] [WARNING] Image with src "/images/cs01-sol02-right1.png" has "fill" but is missing "sizes" prop. Please add it to improve page performance. Read more: https://nextjs.org/docs/api-reference/next/image#sizes @ http://localhost:3000/_next/static/chunks/0yeu_next_dist_077uxpn._.js:2431
[   52379ms] [INFO] %cDownload the React DevTools for a better development experience: https://react.dev/link/react-devtools font-weight:bold @ http://localhost:3000/_next/static/chunks/0yeu_next_dist_077uxpn._.js:2431
[   52385ms] [LOG] [HMR] connected @ http://localhost:3000/_next/static/chunks/0yeu_next_dist_077uxpn._.js:2431
[   52416ms] [WARNING] Image with src "/images/cs01-hero.png" has "fill" but is missing "sizes" prop. Please add it to improve page performance. Read more: https://nextjs.org/docs/api-reference/next/image#sizes @ http://localhost:3000/_next/static/chunks/0yeu_next_dist_077uxpn._.js:2431
[   52416ms] [WARNING] Image with src "/images/cs01-sol02-top1.png" has "fill" but is missing "sizes" prop. Please add it to improve page performance. Read more: https://nextjs.org/docs/api-reference/next/image#sizes @ http://localhost:3000/_next/static/chunks/0yeu_next_dist_077uxpn._.js:2431
[   52416ms] [WARNING] Image with src "/images/cs01-sol02-bottom1.png" has "fill" but is missing "sizes" prop. Please add it to improve page performance. Read more: https://nextjs.org/docs/api-reference/next/image#sizes @ http://localhost:3000/_next/static/chunks/0yeu_next_dist_077uxpn._.js:2431
[   52416ms] [WARNING] Image with src "/images/cs01-sol02-right1.png" has "fill" but is missing "sizes" prop. Please add it to improve page performance. Read more: https://nextjs.org/docs/api-reference/next/image#sizes @ http://localhost:3000/_next/static/chunks/0yeu_next_dist_077uxpn._.js:2431
[   52553ms] [INFO] %cDownload the React DevTools for a better development experience: https://react.dev/link/react-devtools font-weight:bold @ http://localhost:3000/_next/static/chunks/0yeu_next_dist_077uxpn._.js:2431
[   52559ms] [LOG] [HMR] connected @ http://localhost:3000/_next/static/chunks/0yeu_next_dist_077uxpn._.js:2431
[   52606ms] [WARNING] Image with src "/images/cs01-hero.png" has "fill" but is missing "sizes" prop. Please add it to improve page performance. Read more: https://nextjs.org/docs/api-reference/next/image#sizes @ http://localhost:3000/_next/static/chunks/0yeu_next_dist_077uxpn._.js:2431
[   52606ms] [WARNING] Image with src "/images/cs01-sol02-top1.png" has "fill" but is missing "sizes" prop. Please add it to improve page performance. Read more: https://nextjs.org/docs/api-reference/next/image#sizes @ http://localhost:3000/_next/static/chunks/0yeu_next_dist_077uxpn._.js:2431
[   52606ms] [WARNING] Image with src "/images/cs01-sol02-bottom1.png" has "fill" but is missing "sizes" prop. Please add it to improve page performance. Read more: https://nextjs.org/docs/api-reference/next/image#sizes @ http://localhost:3000/_next/static/chunks/0yeu_next_dist_077uxpn._.js:2431
[   52606ms] [WARNING] Image with src "/images/cs01-sol02-right1.png" has "fill" but is missing "sizes" prop. Please add it to improve page performance. Read more: https://nextjs.org/docs/api-reference/next/image#sizes @ http://localhost:3000/_next/static/chunks/0yeu_next_dist_077uxpn._.js:2431
[   52705ms] [INFO] %cDownload the React DevTools for a better development experience: https://react.dev/link/react-devtools font-weight:bold @ http://localhost:3000/_next/static/chunks/0yeu_next_dist_077uxpn._.js:2431
[   52711ms] [LOG] [HMR] connected @ http://localhost:3000/_next/static/chunks/0yeu_next_dist_077uxpn._.js:2431
[   52748ms] [WARNING] Image with src "/images/cs01-hero.png" has "fill" but is missing "sizes" prop. Please add it to improve page performance. Read more: https://nextjs.org/docs/api-reference/next/image#sizes @ http://localhost:3000/_next/static/chunks/0yeu_next_dist_077uxpn._.js:2431
[   52748ms] [WARNING] Image with src "/images/cs01-sol02-top1.png" has "fill" but is missing "sizes" prop. Please add it to improve page performance. Read more: https://nextjs.org/docs/api-reference/next/image#sizes @ http://localhost:3000/_next/static/chunks/0yeu_next_dist_077uxpn._.js:2431
[   52748ms] [WARNING] Image with src "/images/cs01-sol02-bottom1.png" has "fill" but is missing "sizes" prop. Please add it to improve page performance. Read more: https://nextjs.org/docs/api-reference/next/image#sizes @ http://localhost:3000/_next/static/chunks/0yeu_next_dist_077uxpn._.js:2431
[   52761ms] [WARNING] Image with src "/images/cs01-sol02-right1.png" has "fill" but is missing "sizes" prop. Please add it to improve page performance. Read more: https://nextjs.org/docs/api-reference/next/image#sizes @ http://localhost:3000/_next/static/chunks/0yeu_next_dist_077uxpn._.js:2431
[   52844ms] [INFO] %cDownload the React DevTools for a better development experience: https://react.dev/link/react-devtools font-weight:bold @ http://localhost:3000/_next/static/chunks/0yeu_next_dist_077uxpn._.js:2431
[   52852ms] [LOG] [HMR] connected @ http://localhost:3000/_next/static/chunks/0yeu_next_dist_077uxpn._.js:2431
[   52890ms] [WARNING] Image with src "/images/cs01-hero.png" has "fill" but is missing "sizes" prop. Please add it to improve page performance. Read more: https://nextjs.org/docs/api-reference/next/image#sizes @ http://localhost:3000/_next/static/chunks/0yeu_next_dist_077uxpn._.js:2431
[   52890ms] [WARNING] Image with src "/images/cs01-sol02-top1.png" has "fill" but is missing "sizes" prop. Please add it to improve page performance. Read more: https://nextjs.org/docs/api-reference/next/image#sizes @ http://localhost:3000/_next/static/chunks/0yeu_next_dist_077uxpn._.js:2431
[   52890ms] [WARNING] Image with src "/images/cs01-sol02-bottom1.png" has "fill" but is missing "sizes" prop. Please add it to improve page performance. Read more: https://nextjs.org/docs/api-reference/next/image#sizes @ http://localhost:3000/_next/static/chunks/0yeu_next_dist_077uxpn._.js:2431
[   52891ms] [WARNING] Image with src "/images/cs01-sol02-right1.png" has "fill" but is missing "sizes" prop. Please add it to improve page performance. Read more: https://nextjs.org/docs/api-reference/next/image#sizes @ http://localhost:3000/_next/static/chunks/0yeu_next_dist_077uxpn._.js:2431
[   52994ms] [INFO] %cDownload the React DevTools for a better development experience: https://react.dev/link/react-devtools font-weight:bold @ http://localhost:3000/_next/static/chunks/0yeu_next_dist_077uxpn._.js:2431
[   53001ms] [LOG] [HMR] connected @ http://localhost:3000/_next/static/chunks/0yeu_next_dist_077uxpn._.js:2431
[   53037ms] [WARNING] Image with src "/images/cs01-hero.png" has "fill" but is missing "sizes" prop. Please add it to improve page performance. Read more: https://nextjs.org/docs/api-reference/next/image#sizes @ http://localhost:3000/_next/static/chunks/0yeu_next_dist_077uxpn._.js:2431
[   53037ms] [WARNING] Image with src "/images/cs01-sol02-top1.png" has "fill" but is missing "sizes" prop. Please add it to improve page performance. Read more: https://nextjs.org/docs/api-reference/next/image#sizes @ http://localhost:3000/_next/static/chunks/0yeu_next_dist_077uxpn._.js:2431
[   53037ms] [WARNING] Image with src "/images/cs01-sol02-bottom1.png" has "fill" but is missing "sizes" prop. Please add it to improve page performance. Read more: https://nextjs.org/docs/api-reference/next/image#sizes @ http://localhost:3000/_next/static/chunks/0yeu_next_dist_077uxpn._.js:2431
[   53046ms] [WARNING] Image with src "/images/cs01-sol02-right1.png" has "fill" but is missing "sizes" prop. Please add it to improve page performance. Read more: https://nextjs.org/docs/api-reference/next/image#sizes @ http://localhost:3000/_next/static/chunks/0yeu_next_dist_077uxpn._.js:2431
[   53149ms] [INFO] %cDownload the React DevTools for a better development experience: https://react.dev/link/react-devtools font-weight:bold @ http://localhost:3000/_next/static/chunks/0yeu_next_dist_077uxpn._.js:2431
[   53156ms] [LOG] [HMR] connected @ http://localhost:3000/_next/static/chunks/0yeu_next_dist_077uxpn._.js:2431
[   53186ms] [WARNING] Image with src "/images/cs01-hero.png" has "fill" but is missing "sizes" prop. Please add it to improve page performance. Read more: https://nextjs.org/docs/api-reference/next/image#sizes @ http://localhost:3000/_next/static/chunks/0yeu_next_dist_077uxpn._.js:2431
[   53186ms] [WARNING] Image with src "/images/cs01-sol02-top1.png" has "fill" but is missing "sizes" prop. Please add it to improve page performance. Read more: https://nextjs.org/docs/api-reference/next/image#sizes @ http://localhost:3000/_next/static/chunks/0yeu_next_dist_077uxpn._.js:2431
[   53186ms] [WARNING] Image with src "/images/cs01-sol02-bottom1.png" has "fill" but is missing "sizes" prop. Please add it to improve page performance. Read more: https://nextjs.org/docs/api-reference/next/image#sizes @ http://localhost:3000/_next/static/chunks/0yeu_next_dist_077uxpn._.js:2431
[   53196ms] [WARNING] Image with src "/images/cs01-sol02-right1.png" has "fill" but is missing "sizes" prop. Please add it to improve page performance. Read more: https://nextjs.org/docs/api-reference/next/image#sizes @ http://localhost:3000/_next/static/chunks/0yeu_next_dist_077uxpn._.js:2431
[   53283ms] [INFO] %cDownload the React DevTools for a better development experience: https://react.dev/link/react-devtools font-weight:bold @ http://localhost:3000/_next/static/chunks/0yeu_next_dist_077uxpn._.js:2431
[   53292ms] [LOG] [HMR] connected @ http://localhost:3000/_next/static/chunks/0yeu_next_dist_077uxpn._.js:2431
[   53319ms] [WARNING] Image with src "/images/cs01-hero.png" has "fill" but is missing "sizes" prop. Please add it to improve page performance. Read more: https://nextjs.org/docs/api-reference/next/image#sizes @ http://localhost:3000/_next/static/chunks/0yeu_next_dist_077uxpn._.js:2431
[   53319ms] [WARNING] Image with src "/images/cs01-sol02-top1.png" has "fill" but is missing "sizes" prop. Please add it to improve page performance. Read more: https://nextjs.org/docs/api-reference/next/image#sizes @ http://localhost:3000/_next/static/chunks/0yeu_next_dist_077uxpn._.js:2431
[   53319ms] [WARNING] Image with src "/images/cs01-sol02-bottom1.png" has "fill" but is missing "sizes" prop. Please add it to improve page performance. Read more: https://nextjs.org/docs/api-reference/next/image#sizes @ http://localhost:3000/_next/static/chunks/0yeu_next_dist_077uxpn._.js:2431
[   53329ms] [WARNING] Image with src "/images/cs01-sol02-right1.png" has "fill" but is missing "sizes" prop. Please add it to improve page performance. Read more: https://nextjs.org/docs/api-reference/next/image#sizes @ http://localhost:3000/_next/static/chunks/0yeu_next_dist_077uxpn._.js:2431
[   53419ms] [INFO] %cDownload the React DevTools for a better development experience: https://react.dev/link/react-devtools font-weight:bold @ http://localhost:3000/_next/static/chunks/0yeu_next_dist_077uxpn._.js:2431
[   53424ms] [LOG] [HMR] connected @ http://localhost:3000/_next/static/chunks/0yeu_next_dist_077uxpn._.js:2431
[   53454ms] [WARNING] Image with src "/images/cs01-hero.png" has "fill" but is missing "sizes" prop. Please add it to improve page performance. Read more: https://nextjs.org/docs/api-reference/next/image#sizes @ http://localhost:3000/_next/static/chunks/0yeu_next_dist_077uxpn._.js:2431
[   53457ms] [WARNING] Image with src "/images/cs01-sol02-top1.png" has "fill" but is missing "sizes" prop. Please add it to improve page performance. Read more: https://nextjs.org/docs/api-reference/next/image#sizes @ http://localhost:3000/_next/static/chunks/0yeu_next_dist_077uxpn._.js:2431
[   53457ms] [WARNING] Image with src "/images/cs01-sol02-bottom1.png" has "fill" but is missing "sizes" prop. Please add it to improve page performance. Read more: https://nextjs.org/docs/api-reference/next/image#sizes @ http://localhost:3000/_next/static/chunks/0yeu_next_dist_077uxpn._.js:2431
[   53457ms] [WARNING] Image with src "/images/cs01-sol02-right1.png" has "fill" but is missing "sizes" prop. Please add it to improve page performance. Read more: https://nextjs.org/docs/api-reference/next/image#sizes @ http://localhost:3000/_next/static/chunks/0yeu_next_dist_077uxpn._.js:2431
[   53552ms] [INFO] %cDownload the React DevTools for a better development experience: https://react.dev/link/react-devtools font-weight:bold @ http://localhost:3000/_next/static/chunks/0yeu_next_dist_077uxpn._.js:2431
[   53559ms] [LOG] [HMR] connected @ http://localhost:3000/_next/static/chunks/0yeu_next_dist_077uxpn._.js:2431
[   53590ms] [WARNING] Image with src "/images/cs01-hero.png" has "fill" but is missing "sizes" prop. Please add it to improve page performance. Read more: https://nextjs.org/docs/api-reference/next/image#sizes @ http://localhost:3000/_next/static/chunks/0yeu_next_dist_077uxpn._.js:2431
[   53590ms] [WARNING] Image with src "/images/cs01-sol02-top1.png" has "fill" but is missing "sizes" prop. Please add it to improve page performance. Read more: https://nextjs.org/docs/api-reference/next/image#sizes @ http://localhost:3000/_next/static/chunks/0yeu_next_dist_077uxpn._.js:2431
[   53590ms] [WARNING] Image with src "/images/cs01-sol02-bottom1.png" has "fill" but is missing "sizes" prop. Please add it to improve page performance. Read more: https://nextjs.org/docs/api-reference/next/image#sizes @ http://localhost:3000/_next/static/chunks/0yeu_next_dist_077uxpn._.js:2431
[   53590ms] [WARNING] Image with src "/images/cs01-sol02-right1.png" has "fill" but is missing "sizes" prop. Please add it to improve page performance. Read more: https://nextjs.org/docs/api-reference/next/image#sizes @ http://localhost:3000/_next/static/chunks/0yeu_next_dist_077uxpn._.js:2431
[   53705ms] [INFO] %cDownload the React DevTools for a better development experience: https://react.dev/link/react-devtools font-weight:bold @ http://localhost:3000/_next/static/chunks/0yeu_next_dist_077uxpn._.js:2431
[   53710ms] [LOG] [HMR] connected @ http://localhost:3000/_next/static/chunks/0yeu_next_dist_077uxpn._.js:2431
[   53755ms] [WARNING] Image with src "/images/cs01-hero.png" has "fill" but is missing "sizes" prop. Please add it to improve page performance. Read more: https://nextjs.org/docs/api-reference/next/image#sizes @ http://localhost:3000/_next/static/chunks/0yeu_next_dist_077uxpn._.js:2431
[   53755ms] [WARNING] Image with src "/images/cs01-sol02-top1.png" has "fill" but is missing "sizes" prop. Please add it to improve page performance. Read more: https://nextjs.org/docs/api-reference/next/image#sizes @ http://localhost:3000/_next/static/chunks/0yeu_next_dist_077uxpn._.js:2431
[   53755ms] [WARNING] Image with src "/images/cs01-sol02-bottom1.png" has "fill" but is missing "sizes" prop. Please add it to improve page performance. Read more: https://nextjs.org/docs/api-reference/next/image#sizes @ http://localhost:3000/_next/static/chunks/0yeu_next_dist_077uxpn._.js:2431
[   53755ms] [WARNING] Image with src "/images/cs01-sol02-right1.png" has "fill" but is missing "sizes" prop. Please add it to improve page performance. Read more: https://nextjs.org/docs/api-reference/next/image#sizes @ http://localhost:3000/_next/static/chunks/0yeu_next_dist_077uxpn._.js:2431
[   53841ms] [INFO] %cDownload the React DevTools for a better development experience: https://react.dev/link/react-devtools font-weight:bold @ http://localhost:3000/_next/static/chunks/0yeu_next_dist_077uxpn._.js:2431
[   53848ms] [LOG] [HMR] connected @ http://localhost:3000/_next/static/chunks/0yeu_next_dist_077uxpn._.js:2431
[   53888ms] [WARNING] Image with src "/images/cs01-hero.png" has "fill" but is missing "sizes" prop. Please add it to improve page performance. Read more: https://nextjs.org/docs/api-reference/next/image#sizes @ http://localhost:3000/_next/static/chunks/0yeu_next_dist_077uxpn._.js:2431
[   53888ms] [WARNING] Image with src "/images/cs01-sol02-top1.png" has "fill" but is missing "sizes" prop. Please add it to improve page performance. Read more: https://nextjs.org/docs/api-reference/next/image#sizes @ http://localhost:3000/_next/static/chunks/0yeu_next_dist_077uxpn._.js:2431
[   53888ms] [WARNING] Image with src "/images/cs01-sol02-bottom1.png" has "fill" but is missing "sizes" prop. Please add it to improve page performance. Read more: https://nextjs.org/docs/api-reference/next/image#sizes @ http://localhost:3000/_next/static/chunks/0yeu_next_dist_077uxpn._.js:2431
[   53888ms] [WARNING] Image with src "/images/cs01-sol02-right1.png" has "fill" but is missing "sizes" prop. Please add it to improve page performance. Read more: https://nextjs.org/docs/api-reference/next/image#sizes @ http://localhost:3000/_next/static/chunks/0yeu_next_dist_077uxpn._.js:2431
[   53971ms] [INFO] %cDownload the React DevTools for a better development experience: https://react.dev/link/react-devtools font-weight:bold @ http://localhost:3000/_next/static/chunks/0yeu_next_dist_077uxpn._.js:2431
[   53977ms] [LOG] [HMR] connected @ http://localhost:3000/_next/static/chunks/0yeu_next_dist_077uxpn._.js:2431
[   54006ms] [WARNING] Image with src "/images/cs01-hero.png" has "fill" but is missing "sizes" prop. Please add it to improve page performance. Read more: https://nextjs.org/docs/api-reference/next/image#sizes @ http://localhost:3000/_next/static/chunks/0yeu_next_dist_077uxpn._.js:2431
[   54006ms] [WARNING] Image with src "/images/cs01-sol02-top1.png" has "fill" but is missing "sizes" prop. Please add it to improve page performance. Read more: https://nextjs.org/docs/api-reference/next/image#sizes @ http://localhost:3000/_next/static/chunks/0yeu_next_dist_077uxpn._.js:2431
[   54006ms] [WARNING] Image with src "/images/cs01-sol02-bottom1.png" has "fill" but is missing "sizes" prop. Please add it to improve page performance. Read more: https://nextjs.org/docs/api-reference/next/image#sizes @ http://localhost:3000/_next/static/chunks/0yeu_next_dist_077uxpn._.js:2431
[   54006ms] [WARNING] Image with src "/images/cs01-sol02-right1.png" has "fill" but is missing "sizes" prop. Please add it to improve page performance. Read more: https://nextjs.org/docs/api-reference/next/image#sizes @ http://localhost:3000/_next/static/chunks/0yeu_next_dist_077uxpn._.js:2431
[   54118ms] [INFO] %cDownload the React DevTools for a better development experience: https://react.dev/link/react-devtools font-weight:bold @ http://localhost:3000/_next/static/chunks/0yeu_next_dist_077uxpn._.js:2431
[   54123ms] [LOG] [HMR] connected @ http://localhost:3000/_next/static/chunks/0yeu_next_dist_077uxpn._.js:2431
[   54155ms] [WARNING] Image with src "/images/cs01-hero.png" has "fill" but is missing "sizes" prop. Please add it to improve page performance. Read more: https://nextjs.org/docs/api-reference/next/image#sizes @ http://localhost:3000/_next/static/chunks/0yeu_next_dist_077uxpn._.js:2431
[   54155ms] [WARNING] Image with src "/images/cs01-sol02-top1.png" has "fill" but is missing "sizes" prop. Please add it to improve page performance. Read more: https://nextjs.org/docs/api-reference/next/image#sizes @ http://localhost:3000/_next/static/chunks/0yeu_next_dist_077uxpn._.js:2431
[   54155ms] [WARNING] Image with src "/images/cs01-sol02-bottom1.png" has "fill" but is missing "sizes" prop. Please add it to improve page performance. Read more: https://nextjs.org/docs/api-reference/next/image#sizes @ http://localhost:3000/_next/static/chunks/0yeu_next_dist_077uxpn._.js:2431
[   54163ms] [WARNING] Image with src "/images/cs01-sol02-right1.png" has "fill" but is missing "sizes" prop. Please add it to improve page performance. Read more: https://nextjs.org/docs/api-reference/next/image#sizes @ http://localhost:3000/_next/static/chunks/0yeu_next_dist_077uxpn._.js:2431
[  133713ms] [WARNING] Image with src "/images/cs02-hero.png" has "fill" but is missing "sizes" prop. Please add it to improve page performance. Read more: https://nextjs.org/docs/api-reference/next/image#sizes @ http://localhost:3000/_next/static/chunks/0yeu_next_dist_077uxpn._.js:2431
[  133721ms] [WARNING] Image with src "/images/invite-banner-start-LG2.png" has "fill" but is missing "sizes" prop. Please add it to improve page performance. Read more: https://nextjs.org/docs/api-reference/next/image#sizes @ http://localhost:3000/_next/static/chunks/0yeu_next_dist_077uxpn._.js:2431
[  133726ms] [WARNING] Image with src "/images/invite-banner-end-LG2.png" has "fill" but is missing "sizes" prop. Please add it to improve page performance. Read more: https://nextjs.org/docs/api-reference/next/image#sizes @ http://localhost:3000/_next/static/chunks/0yeu_next_dist_077uxpn._.js:2431
[  133732ms] [WARNING] Image with src "/images/welcome-banner-new2.png" has "fill" but is missing "sizes" prop. Please add it to improve page performance. Read more: https://nextjs.org/docs/api-reference/next/image#sizes @ http://localhost:3000/_next/static/chunks/0yeu_next_dist_077uxpn._.js:2431
[  133761ms] [WARNING] Image with src "/images/member-cold-start-new2.png" has "fill" but is missing "sizes" prop. Please add it to improve page performance. Read more: https://nextjs.org/docs/api-reference/next/image#sizes @ http://localhost:3000/_next/static/chunks/0yeu_next_dist_077uxpn._.js:2431
[  556431ms] [LOG] [Fast Refresh] rebuilding @ http://localhost:3000/_next/static/chunks/0yeu_next_dist_077uxpn._.js:2431
[  556441ms] [LOG] [Fast Refresh] done in 38ms @ http://localhost:3000/_next/static/chunks/0yeu_next_dist_077uxpn._.js:2431
